build/app/intermediates/manifest_merge_blame_file/release/manifest-merger-blame-release-report.txt
1<?xml version="1.0" encoding="utf-8"?>
2<manifest xmlns:android="http://schemas.android.com/apk/res/android"
3    package="com.example.agenda_estudante"
4    android:versionCode="1"
5    android:versionName="1.0.0" >
6
7    <uses-sdk
8        android:minSdkVersion="16"
8-->src/main/AndroidManifest.xml
9        android:targetSdkVersion="30" />
9-->src/main/AndroidManifest.xml
10
11    <uses-permission android:name="android.permission.INTERNET" />
11-->[:firebase_messaging] AndroidManifest.xml:7:5-67
11-->[:firebase_messaging] AndroidManifest.xml:7:22-64
12    <uses-permission android:name="android.permission.WAKE_LOCK" />
12-->[:firebase_messaging] AndroidManifest.xml:8:5-68
12-->[:firebase_messaging] AndroidManifest.xml:8:22-65
13    <uses-permission android:name="android.permission.ACCESS_NETWORK_STATE" />
13-->[:firebase_messaging] AndroidManifest.xml:9:5-79
13-->[:firebase_messaging] AndroidManifest.xml:9:22-76
14    <uses-permission android:name="android.permission.READ_EXTERNAL_STORAGE" />
14-->[:image_picker] AndroidManifest.xml:7:5-80
14-->[:image_picker] AndroidManifest.xml:7:22-77
15    <uses-permission android:name="android.permission.WRITE_EXTERNAL_STORAGE" /> <!-- Required by older versions of Google Play services to create IID tokens -->
15-->[:image_picker] AndroidManifest.xml:8:5-81
15-->[:image_picker] AndroidManifest.xml:8:22-78
16    <uses-permission android:name="com.google.android.c2dm.permission.RECEIVE" />
16-->[com.google.firebase:firebase-messaging:22.0.0] AndroidManifest.xml:25:5-82
16-->[com.google.firebase:firebase-messaging:22.0.0] AndroidManifest.xml:25:22-79
17
18    <application
18-->src/main/AndroidManifest.xml:3:4-40:19
19        android:appComponentFactory="androidx.core.app.CoreComponentFactory"
19-->[androidx.core:core:1.2.0] AndroidManifest.xml:24:18-86
20        android:icon="@mipmap/ic_launcher"
20-->src/main/AndroidManifest.xml:5:9-43
21        android:label="agenda_estudante" >
21-->src/main/AndroidManifest.xml:4:9-41
22        <activity
22-->src/main/AndroidManifest.xml:6:9-34:20
23            android:name="com.example.agenda_estudante.MainActivity"
23-->src/main/AndroidManifest.xml:7:13-41
24            android:configChanges="orientation|keyboardHidden|keyboard|screenSize|smallestScreenSize|locale|layoutDirection|fontScale|screenLayout|density|uiMode"
24-->src/main/AndroidManifest.xml:10:13-163
25            android:hardwareAccelerated="true"
25-->src/main/AndroidManifest.xml:11:13-47
26            android:launchMode="singleTop"
26-->src/main/AndroidManifest.xml:8:13-43
27            android:theme="@style/LaunchTheme"
27-->src/main/AndroidManifest.xml:9:13-47
28            android:windowSoftInputMode="adjustResize" >
28-->src/main/AndroidManifest.xml:12:13-55
29
30            <!--
31                 Specifies an Android theme to apply to this Activity as soon as
32                 the Android process has started. This theme is visible to the user
33                 while the Flutter UI initializes. After that, this theme continues
34                 to determine the Window background behind the Flutter UI.
35            -->
36            <meta-data
36-->src/main/AndroidManifest.xml:17:13-20:17
37                android:name="io.flutter.embedding.android.NormalTheme"
37-->src/main/AndroidManifest.xml:18:15-70
38                android:resource="@style/NormalTheme" />
38-->src/main/AndroidManifest.xml:19:15-52
39            <!--
40                 Displays an Android View that continues showing the launch screen
41                 Drawable until Flutter paints its first frame, then this splash
42                 screen fades out. A splash screen is useful to avoid any visual
43                 gap between the end of Android's launch screen and the painting of
44                 Flutter's first frame.
45            -->
46            <meta-data
46-->src/main/AndroidManifest.xml:26:13-29:17
47                android:name="io.flutter.embedding.android.SplashScreenDrawable"
47-->src/main/AndroidManifest.xml:27:15-79
48                android:resource="@drawable/launch_background" />
48-->src/main/AndroidManifest.xml:28:15-61
49
50            <intent-filter>
50-->src/main/AndroidManifest.xml:30:13-33:29
51                <action android:name="android.intent.action.MAIN" />
51-->src/main/AndroidManifest.xml:31:17-68
51-->src/main/AndroidManifest.xml:31:25-66
52
53                <category android:name="android.intent.category.LAUNCHER" />
53-->src/main/AndroidManifest.xml:32:17-76
53-->src/main/AndroidManifest.xml:32:27-74
54            </intent-filter>
55        </activity>
56        <!--
57             Don't delete the meta-data below.
58             This is used by the Flutter tool to generate GeneratedPluginRegistrant.java
59        -->
60        <meta-data
60-->src/main/AndroidManifest.xml:37:9-39:33
61            android:name="flutterEmbedding"
61-->src/main/AndroidManifest.xml:38:13-44
62            android:value="2" />
62-->src/main/AndroidManifest.xml:39:13-30
63
64        <service
64-->[:firebase_auth] AndroidManifest.xml:8:9-12:19
65            android:name="com.google.firebase.components.ComponentDiscoveryService"
65-->[:firebase_auth] AndroidManifest.xml:8:18-89
66            android:directBootAware="true"
66-->[com.google.firebase:firebase-common:20.0.0] AndroidManifest.xml:35:13-43
67            android:exported="false" >
67-->[com.google.firebase:firebase-messaging:22.0.0] AndroidManifest.xml:51:13-37
68            <meta-data
68-->[:firebase_auth] AndroidManifest.xml:9:13-11:85
69                android:name="com.google.firebase.components:io.flutter.plugins.firebase.auth.FlutterFirebaseAuthRegistrar"
69-->[:firebase_auth] AndroidManifest.xml:10:17-124
70                android:value="com.google.firebase.components.ComponentRegistrar" />
70-->[:firebase_auth] AndroidManifest.xml:11:17-82
71            <meta-data
71-->[:firebase_messaging] AndroidManifest.xml:34:13-36:85
72                android:name="com.google.firebase.components:io.flutter.plugins.firebase.messaging.FlutterFirebaseAppRegistrar"
72-->[:firebase_messaging] AndroidManifest.xml:35:17-128
73                android:value="com.google.firebase.components.ComponentRegistrar" />
73-->[:firebase_messaging] AndroidManifest.xml:36:17-82
74            <meta-data
74-->[:firebase_core] AndroidManifest.xml:9:13-11:85
75                android:name="com.google.firebase.components:io.flutter.plugins.firebase.core.FlutterFirebaseCoreRegistrar"
75-->[:firebase_core] AndroidManifest.xml:10:17-124
76                android:value="com.google.firebase.components.ComponentRegistrar" />
76-->[:firebase_core] AndroidManifest.xml:11:17-82
77            <meta-data
77-->[:firebase_dynamic_links] AndroidManifest.xml:11:13-13:85
78                android:name="com.google.firebase.components:io.flutter.plugins.firebasedynamiclinks.FlutterFirebaseAppRegistrar"
78-->[:firebase_dynamic_links] AndroidManifest.xml:12:17-130
79                android:value="com.google.firebase.components.ComponentRegistrar" />
79-->[:firebase_dynamic_links] AndroidManifest.xml:13:17-82
80            <meta-data
80-->[com.google.firebase:firebase-messaging:22.0.0] AndroidManifest.xml:52:13-54:85
81                android:name="com.google.firebase.components:com.google.firebase.messaging.FirebaseMessagingRegistrar"
81-->[com.google.firebase:firebase-messaging:22.0.0] AndroidManifest.xml:53:17-119
82                android:value="com.google.firebase.components.ComponentRegistrar" />
82-->[com.google.firebase:firebase-messaging:22.0.0] AndroidManifest.xml:54:17-82
83            <meta-data
83-->[com.google.firebase:firebase-datatransport:18.0.0] AndroidManifest.xml:28:13-30:85
84                android:name="com.google.firebase.components:com.google.firebase.datatransport.TransportRegistrar"
84-->[com.google.firebase:firebase-datatransport:18.0.0] AndroidManifest.xml:29:17-115
85                android:value="com.google.firebase.components.ComponentRegistrar" />
85-->[com.google.firebase:firebase-datatransport:18.0.0] AndroidManifest.xml:30:17-82
86            <meta-data
86-->[com.google.firebase:firebase-auth:21.0.1] AndroidManifest.xml:77:13-79:85
87                android:name="com.google.firebase.components:com.google.firebase.auth.FirebaseAuthRegistrar"
87-->[com.google.firebase:firebase-auth:21.0.1] AndroidManifest.xml:78:17-109
88                android:value="com.google.firebase.components.ComponentRegistrar" />
88-->[com.google.firebase:firebase-auth:21.0.1] AndroidManifest.xml:79:17-82
89            <meta-data
89-->[com.google.firebase:firebase-dynamic-links:20.0.0] AndroidManifest.xml:11:13-13:85
90                android:name="com.google.firebase.components:com.google.firebase.dynamiclinks.internal.FirebaseDynamicLinkRegistrar"
90-->[com.google.firebase:firebase-dynamic-links:20.0.0] AndroidManifest.xml:12:17-133
91                android:value="com.google.firebase.components.ComponentRegistrar" />
91-->[com.google.firebase:firebase-dynamic-links:20.0.0] AndroidManifest.xml:13:17-82
92            <meta-data
92-->[com.google.firebase:firebase-installations:17.0.0] AndroidManifest.xml:18:13-20:85
93                android:name="com.google.firebase.components:com.google.firebase.installations.FirebaseInstallationsRegistrar"
93-->[com.google.firebase:firebase-installations:17.0.0] AndroidManifest.xml:19:17-127
94                android:value="com.google.firebase.components.ComponentRegistrar" />
94-->[com.google.firebase:firebase-installations:17.0.0] AndroidManifest.xml:20:17-82
95        </service>
96        <service
96-->[:firebase_messaging] AndroidManifest.xml:12:9-15:72
97            android:name="io.flutter.plugins.firebase.messaging.FlutterFirebaseMessagingBackgroundService"
97-->[:firebase_messaging] AndroidManifest.xml:13:13-107
98            android:exported="false"
98-->[:firebase_messaging] AndroidManifest.xml:14:13-37
99            android:permission="android.permission.BIND_JOB_SERVICE" />
99-->[:firebase_messaging] AndroidManifest.xml:15:13-69
100        <service
100-->[:firebase_messaging] AndroidManifest.xml:16:9-22:19
101            android:name="io.flutter.plugins.firebase.messaging.FlutterFirebaseMessagingService"
101-->[:firebase_messaging] AndroidManifest.xml:17:13-97
102            android:exported="false" >
102-->[:firebase_messaging] AndroidManifest.xml:18:13-37
103            <intent-filter>
103-->[:firebase_messaging] AndroidManifest.xml:19:13-21:29
104                <action android:name="com.google.firebase.MESSAGING_EVENT" />
104-->[:firebase_messaging] AndroidManifest.xml:20:17-78
104-->[:firebase_messaging] AndroidManifest.xml:20:25-75
105            </intent-filter>
106        </service>
107
108        <receiver
108-->[:firebase_messaging] AndroidManifest.xml:24:9-31:20
109            android:name="io.flutter.plugins.firebase.messaging.FlutterFirebaseMessagingReceiver"
109-->[:firebase_messaging] AndroidManifest.xml:25:13-98
110            android:exported="true"
110-->[:firebase_messaging] AndroidManifest.xml:26:13-36
111            android:permission="com.google.android.c2dm.permission.SEND" >
111-->[:firebase_messaging] AndroidManifest.xml:27:13-73
112            <intent-filter>
112-->[:firebase_messaging] AndroidManifest.xml:28:13-30:29
113                <action android:name="com.google.android.c2dm.intent.RECEIVE" />
113-->[:firebase_messaging] AndroidManifest.xml:29:17-81
113-->[:firebase_messaging] AndroidManifest.xml:29:25-78
114            </intent-filter>
115        </receiver>
116
117        <provider
117-->[:firebase_messaging] AndroidManifest.xml:39:9-43:38
118            android:name="io.flutter.plugins.firebase.messaging.FlutterFirebaseMessagingInitProvider"
118-->[:firebase_messaging] AndroidManifest.xml:40:13-102
119            android:authorities="com.example.agenda_estudante.flutterfirebasemessaginginitprovider"
119-->[:firebase_messaging] AndroidManifest.xml:41:13-88
120            android:exported="false"
120-->[:firebase_messaging] AndroidManifest.xml:42:13-37
121            android:initOrder="99" />
121-->[:firebase_messaging] AndroidManifest.xml:43:13-35
122        <provider
122-->[:image_picker] AndroidManifest.xml:11:9-19:20
123            android:name="io.flutter.plugins.imagepicker.ImagePickerFileProvider"
123-->[:image_picker] AndroidManifest.xml:12:13-82
124            android:authorities="com.example.agenda_estudante.flutter.image_provider"
124-->[:image_picker] AndroidManifest.xml:13:13-74
125            android:exported="false"
125-->[:image_picker] AndroidManifest.xml:14:13-37
126            android:grantUriPermissions="true" >
126-->[:image_picker] AndroidManifest.xml:15:13-47
127            <meta-data
127-->[:image_picker] AndroidManifest.xml:16:13-18:75
128                android:name="android.support.FILE_PROVIDER_PATHS"
128-->[:image_picker] AndroidManifest.xml:17:17-67
129                android:resource="@xml/flutter_image_picker_file_paths" />
129-->[:image_picker] AndroidManifest.xml:18:17-72
130        </provider>
131
132        <receiver
132-->[com.google.firebase:firebase-messaging:22.0.0] AndroidManifest.xml:28:9-35:20
133            android:name="com.google.firebase.iid.FirebaseInstanceIdReceiver"
133-->[com.google.firebase:firebase-messaging:22.0.0] AndroidManifest.xml:29:13-78
134            android:exported="true"
134-->[com.google.firebase:firebase-messaging:22.0.0] AndroidManifest.xml:30:13-36
135            android:permission="com.google.android.c2dm.permission.SEND" >
135-->[com.google.firebase:firebase-messaging:22.0.0] AndroidManifest.xml:31:13-73
136            <intent-filter>
136-->[:firebase_messaging] AndroidManifest.xml:28:13-30:29
137                <action android:name="com.google.android.c2dm.intent.RECEIVE" />
137-->[:firebase_messaging] AndroidManifest.xml:29:17-81
137-->[:firebase_messaging] AndroidManifest.xml:29:25-78
138            </intent-filter>
139        </receiver>
140        <!--
141             FirebaseMessagingService performs security checks at runtime,
142             but set to not exported to explicitly avoid allowing another app to call it.
143        -->
144        <service
144-->[com.google.firebase:firebase-messaging:22.0.0] AndroidManifest.xml:41:9-48:19
145            android:name="com.google.firebase.messaging.FirebaseMessagingService"
145-->[com.google.firebase:firebase-messaging:22.0.0] AndroidManifest.xml:42:13-82
146            android:directBootAware="true"
146-->[com.google.firebase:firebase-messaging:22.0.0] AndroidManifest.xml:43:13-43
147            android:exported="false" >
147-->[com.google.firebase:firebase-messaging:22.0.0] AndroidManifest.xml:44:13-37
148            <intent-filter android:priority="-500" >
148-->[:firebase_messaging] AndroidManifest.xml:19:13-21:29
149                <action android:name="com.google.firebase.MESSAGING_EVENT" />
149-->[:firebase_messaging] AndroidManifest.xml:20:17-78
149-->[:firebase_messaging] AndroidManifest.xml:20:25-75
150            </intent-filter>
151        </service>
152        <service
152-->[com.google.android.datatransport:transport-backend-cct:3.0.0] AndroidManifest.xml:29:9-35:19
153            android:name="com.google.android.datatransport.runtime.backends.TransportBackendDiscovery"
153-->[com.google.android.datatransport:transport-backend-cct:3.0.0] AndroidManifest.xml:30:13-103
154            android:exported="false" >
154-->[com.google.android.datatransport:transport-backend-cct:3.0.0] AndroidManifest.xml:31:13-37
155            <meta-data
155-->[com.google.android.datatransport:transport-backend-cct:3.0.0] AndroidManifest.xml:32:13-34:39
156                android:name="backend:com.google.android.datatransport.cct.CctBackendFactory"
156-->[com.google.android.datatransport:transport-backend-cct:3.0.0] AndroidManifest.xml:33:17-94
157                android:value="cct" />
157-->[com.google.android.datatransport:transport-backend-cct:3.0.0] AndroidManifest.xml:34:17-36
158        </service>
159
160        <activity
160-->[com.google.firebase:firebase-auth:21.0.1] AndroidManifest.xml:27:9-44:20
161            android:name="com.google.firebase.auth.internal.GenericIdpActivity"
161-->[com.google.firebase:firebase-auth:21.0.1] AndroidManifest.xml:28:13-80
162            android:excludeFromRecents="true"
162-->[com.google.firebase:firebase-auth:21.0.1] AndroidManifest.xml:29:13-46
163            android:exported="true"
163-->[com.google.firebase:firebase-auth:21.0.1] AndroidManifest.xml:30:13-36
164            android:launchMode="singleTask"
164-->[com.google.firebase:firebase-auth:21.0.1] AndroidManifest.xml:31:13-44
165            android:theme="@android:style/Theme.Translucent.NoTitleBar" >
165-->[com.google.firebase:firebase-auth:21.0.1] AndroidManifest.xml:32:13-72
166            <intent-filter>
166-->[com.google.firebase:firebase-auth:21.0.1] AndroidManifest.xml:33:13-43:29
167                <action android:name="android.intent.action.VIEW" />
167-->[com.google.firebase:firebase-auth:21.0.1] AndroidManifest.xml:34:17-69
167-->[com.google.firebase:firebase-auth:21.0.1] AndroidManifest.xml:34:25-66
168
169                <category android:name="android.intent.category.DEFAULT" />
169-->[com.google.firebase:firebase-auth:21.0.1] AndroidManifest.xml:36:17-76
169-->[com.google.firebase:firebase-auth:21.0.1] AndroidManifest.xml:36:27-73
170                <category android:name="android.intent.category.BROWSABLE" />
170-->[com.google.firebase:firebase-auth:21.0.1] AndroidManifest.xml:37:17-78
170-->[com.google.firebase:firebase-auth:21.0.1] AndroidManifest.xml:37:27-75
171
172                <data
172-->[com.google.firebase:firebase-auth:21.0.1] AndroidManifest.xml:39:17-42:51
173                    android:host="firebase.auth"
173-->[com.google.firebase:firebase-auth:21.0.1] AndroidManifest.xml:40:21-49
174                    android:path="/"
174-->[com.google.firebase:firebase-auth:21.0.1] AndroidManifest.xml:41:21-37
175                    android:scheme="genericidp" />
175-->[com.google.firebase:firebase-auth:21.0.1] AndroidManifest.xml:42:21-48
176            </intent-filter>
177        </activity>
178        <activity
178-->[com.google.firebase:firebase-auth:21.0.1] AndroidManifest.xml:45:9-62:20
179            android:name="com.google.firebase.auth.internal.RecaptchaActivity"
179-->[com.google.firebase:firebase-auth:21.0.1] AndroidManifest.xml:46:13-79
180            android:excludeFromRecents="true"
180-->[com.google.firebase:firebase-auth:21.0.1] AndroidManifest.xml:47:13-46
181            android:exported="true"
181-->[com.google.firebase:firebase-auth:21.0.1] AndroidManifest.xml:48:13-36
182            android:launchMode="singleTask"
182-->[com.google.firebase:firebase-auth:21.0.1] AndroidManifest.xml:49:13-44
183            android:theme="@android:style/Theme.Translucent.NoTitleBar" >
183-->[com.google.firebase:firebase-auth:21.0.1] AndroidManifest.xml:50:13-72
184            <intent-filter>
184-->[com.google.firebase:firebase-auth:21.0.1] AndroidManifest.xml:51:13-61:29
185                <action android:name="android.intent.action.VIEW" />
185-->[com.google.firebase:firebase-auth:21.0.1] AndroidManifest.xml:34:17-69
185-->[com.google.firebase:firebase-auth:21.0.1] AndroidManifest.xml:34:25-66
186
187                <category android:name="android.intent.category.DEFAULT" />
187-->[com.google.firebase:firebase-auth:21.0.1] AndroidManifest.xml:36:17-76
187-->[com.google.firebase:firebase-auth:21.0.1] AndroidManifest.xml:36:27-73
188                <category android:name="android.intent.category.BROWSABLE" />
188-->[com.google.firebase:firebase-auth:21.0.1] AndroidManifest.xml:37:17-78
188-->[com.google.firebase:firebase-auth:21.0.1] AndroidManifest.xml:37:27-75
189
190                <data
190-->[com.google.firebase:firebase-auth:21.0.1] AndroidManifest.xml:39:17-42:51
191                    android:host="firebase.auth"
191-->[com.google.firebase:firebase-auth:21.0.1] AndroidManifest.xml:40:21-49
192                    android:path="/"
192-->[com.google.firebase:firebase-auth:21.0.1] AndroidManifest.xml:41:21-37
193                    android:scheme="recaptcha" />
193-->[com.google.firebase:firebase-auth:21.0.1] AndroidManifest.xml:42:21-48
194            </intent-filter>
195        </activity>
196
197        <service
197-->[com.google.firebase:firebase-auth:21.0.1] AndroidManifest.xml:64:9-73:19
198            android:name="com.google.firebase.auth.api.fallback.service.FirebaseAuthFallbackService"
198-->[com.google.firebase:firebase-auth:21.0.1] AndroidManifest.xml:65:13-101
199            android:enabled="true"
199-->[com.google.firebase:firebase-auth:21.0.1] AndroidManifest.xml:66:13-35
200            android:exported="false" >
200-->[com.google.firebase:firebase-auth:21.0.1] AndroidManifest.xml:67:13-37
201            <intent-filter>
201-->[com.google.firebase:firebase-auth:21.0.1] AndroidManifest.xml:68:13-72:29
202                <action android:name="com.google.firebase.auth.api.gms.service.START" />
202-->[com.google.firebase:firebase-auth:21.0.1] AndroidManifest.xml:69:17-89
202-->[com.google.firebase:firebase-auth:21.0.1] AndroidManifest.xml:69:25-86
203
204                <category android:name="android.intent.category.DEFAULT" />
204-->[com.google.firebase:firebase-auth:21.0.1] AndroidManifest.xml:36:17-76
204-->[com.google.firebase:firebase-auth:21.0.1] AndroidManifest.xml:36:27-73
205            </intent-filter>
206        </service>
207
208        <provider
208-->[com.google.firebase:firebase-common:20.0.0] AndroidManifest.xml:26:9-31:39
209            android:name="com.google.firebase.provider.FirebaseInitProvider"
209-->[com.google.firebase:firebase-common:20.0.0] AndroidManifest.xml:27:13-77
210            android:authorities="com.example.agenda_estudante.firebaseinitprovider"
210-->[com.google.firebase:firebase-common:20.0.0] AndroidManifest.xml:28:13-72
211            android:directBootAware="true"
211-->[com.google.firebase:firebase-common:20.0.0] AndroidManifest.xml:29:13-43
212            android:exported="false"
212-->[com.google.firebase:firebase-common:20.0.0] AndroidManifest.xml:30:13-37
213            android:initOrder="100" />
213-->[com.google.firebase:firebase-common:20.0.0] AndroidManifest.xml:31:13-36
214
215        <service
215-->[com.google.android.datatransport:transport-runtime:3.0.0] AndroidManifest.xml:26:9-30:19
216            android:name="com.google.android.datatransport.runtime.scheduling.jobscheduling.JobInfoSchedulerService"
216-->[com.google.android.datatransport:transport-runtime:3.0.0] AndroidManifest.xml:27:13-117
217            android:exported="false"
217-->[com.google.android.datatransport:transport-runtime:3.0.0] AndroidManifest.xml:28:13-37
218            android:permission="android.permission.BIND_JOB_SERVICE" >
218-->[com.google.android.datatransport:transport-runtime:3.0.0] AndroidManifest.xml:29:13-69
219        </service>
220
221        <receiver
221-->[com.google.android.datatransport:transport-runtime:3.0.0] AndroidManifest.xml:32:9-34:40
222            android:name="com.google.android.datatransport.runtime.scheduling.jobscheduling.AlarmManagerSchedulerBroadcastReceiver"
222-->[com.google.android.datatransport:transport-runtime:3.0.0] AndroidManifest.xml:33:13-132
223            android:exported="false" />
223-->[com.google.android.datatransport:transport-runtime:3.0.0] AndroidManifest.xml:34:13-37
224
225        <activity
225-->[com.google.android.gms:play-services-base:17.5.0] AndroidManifest.xml:23:9-26:75
226            android:name="com.google.android.gms.common.api.GoogleApiActivity"
226-->[com.google.android.gms:play-services-base:17.5.0] AndroidManifest.xml:24:13-79
227            android:exported="false"
227-->[com.google.android.gms:play-services-base:17.5.0] AndroidManifest.xml:25:13-37
228            android:theme="@android:style/Theme.Translucent.NoTitleBar" />
228-->[com.google.android.gms:play-services-base:17.5.0] AndroidManifest.xml:26:13-72
229
230        <meta-data
230-->[com.google.android.gms:play-services-basement:17.5.0] AndroidManifest.xml:23:9-25:69
231            android:name="com.google.android.gms.version"
231-->[com.google.android.gms:play-services-basement:17.5.0] AndroidManifest.xml:24:13-58
232            android:value="@integer/google_play_services_version" />
232-->[com.google.android.gms:play-services-basement:17.5.0] AndroidManifest.xml:25:13-66
233    </application>
234
235</manifest>